<?xml version="1.0" encoding="UTF-8"?>
<!-- Generated by org.testng.reporters.JUnitReportReporter -->
<testsuite skipped="0" hostname="Shashank" name="com.actitime.tasks_scripts.CreateTask" tests="1" failures="0" timestamp="2020-02-16T20:46:54 IST" time="3.072" errors="0">
  <testcase name="testCreateTask" time="3.072" classname="com.actitime.tasks_scripts.CreateTask"/>
  <system-out/>
</testsuite> <!-- com.actitime.tasks_scripts.CreateTask -->
