<?xml version="1.0" encoding="UTF-8"?>
<!-- Generated by org.testng.reporters.JUnitReportReporter -->
<testsuite skipped="0" hostname="Shashank" name="com.actitime.customers_scripts.CreateCustomer" tests="1" failures="0" timestamp="2020-02-17T18:28:58 IST" time="1.844" errors="0">
  <testcase name="testCreateCustomer" time="1.844" classname="com.actitime.customers_scripts.CreateCustomer"/>
  <system-out/>
</testsuite> <!-- com.actitime.customers_scripts.CreateCustomer -->
